Started GET "/" for ::1 at 2017-04-03 12:27:35 -0400
  [1m[36mActiveRecord::SchemaMigration Load (0.2ms)[0m  [1m[34mSELECT "schema_migrations".* FROM "schema_migrations"[0m
Processing by WelcomeController#index as HTML
  Rendering welcome/index.html.erb within layouts/application
  [1m[36mMarket Load (0.2ms)[0m  [1m[34mSELECT  "markets".* FROM "markets" ORDER BY "markets"."id" ASC LIMIT ?[0m  [["LIMIT", 1]]
  Rendered layouts/_market_cards.html.erb (25.8ms)
  Rendered welcome/index.html.erb within layouts/application (36.6ms)
  Rendered layouts/_shim.html.erb (0.5ms)
  [1m[36mUser Load (0.2ms)[0m  [1m[34mSELECT  "users".* FROM "users" WHERE "users"."id" IS NULL LIMIT ?[0m  [["LIMIT", 1]]
  Rendered layouts/_header.html.erb (11.6ms)
Completed 200 OK in 893ms (Views: 882.2ms | ActiveRecord: 1.4ms)


Started GET "/stores" for ::1 at 2017-04-03 12:27:37 -0400
Processing by StoresController#index as HTML
  Rendering stores/index.html.erb within layouts/application
  [1m[36mStore Load (0.2ms)[0m  [1m[34mSELECT "stores".* FROM "stores"[0m
  Rendered stores/index.html.erb within layouts/application (20.0ms)
  Rendered layouts/_shim.html.erb (0.5ms)
  [1m[36mUser Load (0.2ms)[0m  [1m[34mSELECT  "users".* FROM "users" WHERE "users"."id" IS NULL LIMIT ?[0m  [["LIMIT", 1]]
  Rendered layouts/_header.html.erb (2.5ms)
Completed 200 OK in 119ms (Views: 99.8ms | ActiveRecord: 1.0ms)


Started GET "/" for ::1 at 2017-04-03 12:27:42 -0400
Processing by WelcomeController#index as HTML
  Rendering welcome/index.html.erb within layouts/application
  [1m[36mMarket Load (0.2ms)[0m  [1m[34mSELECT  "markets".* FROM "markets" ORDER BY "markets"."id" ASC LIMIT ?[0m  [["LIMIT", 1]]
  Rendered layouts/_market_cards.html.erb (1.8ms)
  Rendered welcome/index.html.erb within layouts/application (5.0ms)
  Rendered layouts/_shim.html.erb (0.5ms)
  [1m[36mUser Load (0.1ms)[0m  [1m[34mSELECT  "users".* FROM "users" WHERE "users"."id" IS NULL LIMIT ?[0m  [["LIMIT", 1]]
  Rendered layouts/_header.html.erb (1.5ms)
Completed 200 OK in 114ms (Views: 111.0ms | ActiveRecord: 0.3ms)


  [1m[36mActiveRecord::SchemaMigration Load (0.2ms)[0m  [1m[34mSELECT "schema_migrations".* FROM "schema_migrations"[0m
  [1m[36mActiveRecord::InternalMetadata Load (0.1ms)[0m  [1m[34mSELECT  "ar_internal_metadata".* FROM "ar_internal_metadata" WHERE "ar_internal_metadata"."key" = ? LIMIT ?[0m  [["key", :environment], ["LIMIT", 1]]
  [1m[35m (0.0ms)[0m  [1m[36mbegin transaction[0m
  [1m[35m (0.0ms)[0m  [1m[36mcommit transaction[0m
  [1m[36mActiveRecord::SchemaMigration Load (0.1ms)[0m  [1m[34mSELECT "schema_migrations".* FROM "schema_migrations"[0m
  [1m[35m (0.4ms)[0m  [1m[34m            SELECT sql
            FROM sqlite_master
            WHERE name='index_market_reviews_on_market_id' AND type='index'
            UNION ALL
            SELECT sql
            FROM sqlite_temp_master
            WHERE name='index_market_reviews_on_market_id' AND type='index'
[0m
  [1m[35m (0.1ms)[0m  [1m[34m            SELECT sql
            FROM sqlite_master
            WHERE name='index_market_reviews_on_user_id' AND type='index'
            UNION ALL
            SELECT sql
            FROM sqlite_temp_master
            WHERE name='index_market_reviews_on_user_id' AND type='index'
[0m
  [1m[35m (0.1ms)[0m  [1m[34m            SELECT sql
            FROM sqlite_master
            WHERE name='index_messages_on_user_id' AND type='index'
            UNION ALL
            SELECT sql
            FROM sqlite_temp_master
            WHERE name='index_messages_on_user_id' AND type='index'
[0m
  [1m[35m (0.1ms)[0m  [1m[34m            SELECT sql
            FROM sqlite_master
            WHERE name='index_products_on_store_id' AND type='index'
            UNION ALL
            SELECT sql
            FROM sqlite_temp_master
            WHERE name='index_products_on_store_id' AND type='index'
[0m
  [1m[35m (0.1ms)[0m  [1m[34m            SELECT sql
            FROM sqlite_master
            WHERE name='index_shopping_lists_on_product_id' AND type='index'
            UNION ALL
            SELECT sql
            FROM sqlite_temp_master
            WHERE name='index_shopping_lists_on_product_id' AND type='index'
[0m
  [1m[35m (0.1ms)[0m  [1m[34m            SELECT sql
            FROM sqlite_master
            WHERE name='index_shopping_lists_on_user_id' AND type='index'
            UNION ALL
            SELECT sql
            FROM sqlite_temp_master
            WHERE name='index_shopping_lists_on_user_id' AND type='index'
[0m
  [1m[35m (0.1ms)[0m  [1m[34m            SELECT sql
            FROM sqlite_master
            WHERE name='index_store_reviews_on_store_id' AND type='index'
            UNION ALL
            SELECT sql
            FROM sqlite_temp_master
            WHERE name='index_store_reviews_on_store_id' AND type='index'
[0m
  [1m[35m (0.1ms)[0m  [1m[34m            SELECT sql
            FROM sqlite_master
            WHERE name='index_store_reviews_on_user_id' AND type='index'
            UNION ALL
            SELECT sql
            FROM sqlite_temp_master
            WHERE name='index_store_reviews_on_user_id' AND type='index'
[0m
  [1m[35m (0.1ms)[0m  [1m[34m            SELECT sql
            FROM sqlite_master
            WHERE name='index_stores_on_vendor_id' AND type='index'
            UNION ALL
            SELECT sql
            FROM sqlite_temp_master
            WHERE name='index_stores_on_vendor_id' AND type='index'
[0m
  [1m[35m (0.1ms)[0m  [1m[34m            SELECT sql
            FROM sqlite_master
            WHERE name='index_stores_on_market_id' AND type='index'
            UNION ALL
            SELECT sql
            FROM sqlite_temp_master
            WHERE name='index_stores_on_market_id' AND type='index'
[0m
  [1m[35m (0.1ms)[0m  [1m[34m            SELECT sql
            FROM sqlite_master
            WHERE name='index_subscriptions_on_vendor_id' AND type='index'
            UNION ALL
            SELECT sql
            FROM sqlite_temp_master
            WHERE name='index_subscriptions_on_vendor_id' AND type='index'
[0m
  [1m[35m (0.1ms)[0m  [1m[34m            SELECT sql
            FROM sqlite_master
            WHERE name='index_subscriptions_on_user_id' AND type='index'
            UNION ALL
            SELECT sql
            FROM sqlite_temp_master
            WHERE name='index_subscriptions_on_user_id' AND type='index'
[0m
  [1m[35m (0.1ms)[0m  [1m[34m            SELECT sql
            FROM sqlite_master
            WHERE name='index_vendors_on_user_id' AND type='index'
            UNION ALL
            SELECT sql
            FROM sqlite_temp_master
            WHERE name='index_vendors_on_user_id' AND type='index'
[0m
Started GET "/" for ::1 at 2017-04-03 12:30:00 -0400
  [1m[36mActiveRecord::SchemaMigration Load (0.3ms)[0m  [1m[34mSELECT "schema_migrations".* FROM "schema_migrations"[0m
Processing by WelcomeController#index as HTML
  Rendering welcome/index.html.erb within layouts/application
  [1m[36mMarket Load (0.2ms)[0m  [1m[34mSELECT  "markets".* FROM "markets" ORDER BY "markets"."id" ASC LIMIT ?[0m  [["LIMIT", 1]]
  Rendered layouts/_market_cards.html.erb (19.9ms)
  Rendered welcome/index.html.erb within layouts/application (28.3ms)
Completed 500 Internal Server Error in 1165ms (ActiveRecord: 0.8ms)


  
ActionView::Template::Error (Invalid CSS after "...ckground-repeat": expected ";", was ": no-repeat;"):
    3: <head>
    4:   <title>Harvest</title>
    5:   <%= csrf_meta_tags %>
    6:   <%= stylesheet_link_tag    'application', media: 'all','data-turbolinks-track': 'reload' %>
    7:   <%= javascript_include_tag 'application', 'data-turbolinks-track': 'reload' %>
    8:   <%= render 'layouts/shim' %>
    9: </head>
  
app/assets/stylesheets/custom.scss:15
app/views/layouts/application.html.erb:6:in `_app_views_layouts_application_html_erb__2030828600706382541_70113809947220'
  Rendering /Users/Beraa/.rbenv/versions/2.4.0/lib/ruby/gems/2.4.0/gems/actionpack-5.0.1/lib/action_dispatch/middleware/templates/rescues/template_error.html.erb within rescues/layout
  Rendering /Users/Beraa/.rbenv/versions/2.4.0/lib/ruby/gems/2.4.0/gems/actionpack-5.0.1/lib/action_dispatch/middleware/templates/rescues/_source.html.erb
  Rendered /Users/Beraa/.rbenv/versions/2.4.0/lib/ruby/gems/2.4.0/gems/actionpack-5.0.1/lib/action_dispatch/middleware/templates/rescues/_source.html.erb (21.3ms)
  Rendering /Users/Beraa/.rbenv/versions/2.4.0/lib/ruby/gems/2.4.0/gems/actionpack-5.0.1/lib/action_dispatch/middleware/templates/rescues/_trace.html.erb
  Rendered /Users/Beraa/.rbenv/versions/2.4.0/lib/ruby/gems/2.4.0/gems/actionpack-5.0.1/lib/action_dispatch/middleware/templates/rescues/_trace.html.erb (3.4ms)
  Rendering /Users/Beraa/.rbenv/versions/2.4.0/lib/ruby/gems/2.4.0/gems/actionpack-5.0.1/lib/action_dispatch/middleware/templates/rescues/_request_and_response.html.erb
  Rendered /Users/Beraa/.rbenv/versions/2.4.0/lib/ruby/gems/2.4.0/gems/actionpack-5.0.1/lib/action_dispatch/middleware/templates/rescues/_request_and_response.html.erb (2.6ms)
  Rendered /Users/Beraa/.rbenv/versions/2.4.0/lib/ruby/gems/2.4.0/gems/actionpack-5.0.1/lib/action_dispatch/middleware/templates/rescues/template_error.html.erb within rescues/layout (100.6ms)
  Rendering /Users/Beraa/.rbenv/versions/2.4.0/lib/ruby/gems/2.4.0/gems/web-console-3.1.1/lib/web_console/templates/index.html.erb
  Rendered /Users/Beraa/.rbenv/versions/2.4.0/lib/ruby/gems/2.4.0/gems/web-console-3.1.1/lib/web_console/templates/_markup.html.erb (0.4ms)
  Rendering /Users/Beraa/.rbenv/versions/2.4.0/lib/ruby/gems/2.4.0/gems/web-console-3.1.1/lib/web_console/templates/console.js.erb within layouts/javascript
  Rendering /Users/Beraa/.rbenv/versions/2.4.0/lib/ruby/gems/2.4.0/gems/web-console-3.1.1/lib/web_console/templates/_inner_console_markup.html.erb within layouts/inlined_string
  Rendered /Users/Beraa/.rbenv/versions/2.4.0/lib/ruby/gems/2.4.0/gems/web-console-3.1.1/lib/web_console/templates/_inner_console_markup.html.erb within layouts/inlined_string (0.4ms)
  Rendering /Users/Beraa/.rbenv/versions/2.4.0/lib/ruby/gems/2.4.0/gems/web-console-3.1.1/lib/web_console/templates/_prompt_box_markup.html.erb within layouts/inlined_string
  Rendered /Users/Beraa/.rbenv/versions/2.4.0/lib/ruby/gems/2.4.0/gems/web-console-3.1.1/lib/web_console/templates/_prompt_box_markup.html.erb within layouts/inlined_string (0.5ms)
  Rendering /Users/Beraa/.rbenv/versions/2.4.0/lib/ruby/gems/2.4.0/gems/web-console-3.1.1/lib/web_console/templates/style.css.erb within layouts/inlined_string
  Rendered /Users/Beraa/.rbenv/versions/2.4.0/lib/ruby/gems/2.4.0/gems/web-console-3.1.1/lib/web_console/templates/style.css.erb within layouts/inlined_string (0.4ms)
  Rendered /Users/Beraa/.rbenv/versions/2.4.0/lib/ruby/gems/2.4.0/gems/web-console-3.1.1/lib/web_console/templates/console.js.erb within layouts/javascript (105.7ms)
  Rendering /Users/Beraa/.rbenv/versions/2.4.0/lib/ruby/gems/2.4.0/gems/web-console-3.1.1/lib/web_console/templates/main.js.erb within layouts/javascript
  Rendered /Users/Beraa/.rbenv/versions/2.4.0/lib/ruby/gems/2.4.0/gems/web-console-3.1.1/lib/web_console/templates/main.js.erb within layouts/javascript (0.5ms)
  Rendered /Users/Beraa/.rbenv/versions/2.4.0/lib/ruby/gems/2.4.0/gems/web-console-3.1.1/lib/web_console/templates/index.html.erb (179.2ms)
Started GET "/" for ::1 at 2017-04-03 12:30:08 -0400
Processing by WelcomeController#index as HTML
  Rendering welcome/index.html.erb within layouts/application
  [1m[36mMarket Load (0.4ms)[0m  [1m[34mSELECT  "markets".* FROM "markets" ORDER BY "markets"."id" ASC LIMIT ?[0m  [["LIMIT", 1]]
  Rendered layouts/_market_cards.html.erb (1.9ms)
  Rendered welcome/index.html.erb within layouts/application (4.4ms)
  Rendered layouts/_shim.html.erb (0.5ms)
  [1m[36mUser Load (0.3ms)[0m  [1m[34mSELECT  "users".* FROM "users" WHERE "users"."id" IS NULL LIMIT ?[0m  [["LIMIT", 1]]
  Rendered layouts/_header.html.erb (17.9ms)
Completed 200 OK in 3461ms (Views: 3457.1ms | ActiveRecord: 1.2ms)


Started GET "/" for ::1 at 2017-04-03 12:30:22 -0400
Processing by WelcomeController#index as HTML
  Rendering welcome/index.html.erb within layouts/application
  [1m[36mMarket Load (0.2ms)[0m  [1m[34mSELECT  "markets".* FROM "markets" ORDER BY "markets"."id" ASC LIMIT ?[0m  [["LIMIT", 1]]
  Rendered layouts/_market_cards.html.erb (2.9ms)
  Rendered welcome/index.html.erb within layouts/application (11.5ms)
  Rendered layouts/_shim.html.erb (0.6ms)
  [1m[36mUser Load (0.2ms)[0m  [1m[34mSELECT  "users".* FROM "users" WHERE "users"."id" IS NULL LIMIT ?[0m  [["LIMIT", 1]]
  Rendered layouts/_header.html.erb (2.6ms)
Completed 200 OK in 2814ms (Views: 2811.1ms | ActiveRecord: 0.4ms)


Started GET "/" for ::1 at 2017-04-03 12:37:42 -0400
Processing by WelcomeController#index as HTML
  Rendering welcome/index.html.erb within layouts/application
  [1m[36mMarket Load (0.1ms)[0m  [1m[34mSELECT  "markets".* FROM "markets" ORDER BY "markets"."id" ASC LIMIT ?[0m  [["LIMIT", 1]]
  Rendered layouts/_market_cards.html.erb (1.1ms)
  Rendered welcome/index.html.erb within layouts/application (3.1ms)
Completed 500 Internal Server Error in 374ms (ActiveRecord: 0.1ms)


  
ActionView::Template::Error (Invalid CSS after "...ckground-repeat": expected ";", was ": no-repeat;"):
    3: <head>
    4:   <title>Harvest</title>
    5:   <%= csrf_meta_tags %>
    6:   <%= stylesheet_link_tag    'application', media: 'all','data-turbolinks-track': 'reload' %>
    7:   <%= javascript_include_tag 'application', 'data-turbolinks-track': 'reload' %>
    8:   <%= render 'layouts/shim' %>
    9: </head>
  
app/assets/stylesheets/custom.scss:15
app/views/layouts/application.html.erb:6:in `_app_views_layouts_application_html_erb__2030828600706382541_70113864948500'
  Rendering /Users/Beraa/.rbenv/versions/2.4.0/lib/ruby/gems/2.4.0/gems/actionpack-5.0.1/lib/action_dispatch/middleware/templates/rescues/template_error.html.erb within rescues/layout
  Rendering /Users/Beraa/.rbenv/versions/2.4.0/lib/ruby/gems/2.4.0/gems/actionpack-5.0.1/lib/action_dispatch/middleware/templates/rescues/_source.html.erb
  Rendered /Users/Beraa/.rbenv/versions/2.4.0/lib/ruby/gems/2.4.0/gems/actionpack-5.0.1/lib/action_dispatch/middleware/templates/rescues/_source.html.erb (9.3ms)
  Rendering /Users/Beraa/.rbenv/versions/2.4.0/lib/ruby/gems/2.4.0/gems/actionpack-5.0.1/lib/action_dispatch/middleware/templates/rescues/_trace.html.erb
  Rendered /Users/Beraa/.rbenv/versions/2.4.0/lib/ruby/gems/2.4.0/gems/actionpack-5.0.1/lib/action_dispatch/middleware/templates/rescues/_trace.html.erb (2.5ms)
  Rendering /Users/Beraa/.rbenv/versions/2.4.0/lib/ruby/gems/2.4.0/gems/actionpack-5.0.1/lib/action_dispatch/middleware/templates/rescues/_request_and_response.html.erb
  Rendered /Users/Beraa/.rbenv/versions/2.4.0/lib/ruby/gems/2.4.0/gems/actionpack-5.0.1/lib/action_dispatch/middleware/templates/rescues/_request_and_response.html.erb (1.7ms)
  Rendered /Users/Beraa/.rbenv/versions/2.4.0/lib/ruby/gems/2.4.0/gems/actionpack-5.0.1/lib/action_dispatch/middleware/templates/rescues/template_error.html.erb within rescues/layout (95.8ms)
  Rendering /Users/Beraa/.rbenv/versions/2.4.0/lib/ruby/gems/2.4.0/gems/web-console-3.1.1/lib/web_console/templates/index.html.erb
  Rendered /Users/Beraa/.rbenv/versions/2.4.0/lib/ruby/gems/2.4.0/gems/web-console-3.1.1/lib/web_console/templates/_markup.html.erb (0.4ms)
  Rendering /Users/Beraa/.rbenv/versions/2.4.0/lib/ruby/gems/2.4.0/gems/web-console-3.1.1/lib/web_console/templates/console.js.erb within layouts/javascript
  Rendering /Users/Beraa/.rbenv/versions/2.4.0/lib/ruby/gems/2.4.0/gems/web-console-3.1.1/lib/web_console/templates/_inner_console_markup.html.erb within layouts/inlined_string
  Rendered /Users/Beraa/.rbenv/versions/2.4.0/lib/ruby/gems/2.4.0/gems/web-console-3.1.1/lib/web_console/templates/_inner_console_markup.html.erb within layouts/inlined_string (0.3ms)
  Rendering /Users/Beraa/.rbenv/versions/2.4.0/lib/ruby/gems/2.4.0/gems/web-console-3.1.1/lib/web_console/templates/_prompt_box_markup.html.erb within layouts/inlined_string
  Rendered /Users/Beraa/.rbenv/versions/2.4.0/lib/ruby/gems/2.4.0/gems/web-console-3.1.1/lib/web_console/templates/_prompt_box_markup.html.erb within layouts/inlined_string (0.3ms)
  Rendering /Users/Beraa/.rbenv/versions/2.4.0/lib/ruby/gems/2.4.0/gems/web-console-3.1.1/lib/web_console/templates/style.css.erb within layouts/inlined_string
  Rendered /Users/Beraa/.rbenv/versions/2.4.0/lib/ruby/gems/2.4.0/gems/web-console-3.1.1/lib/web_console/templates/style.css.erb within layouts/inlined_string (0.3ms)
  Rendered /Users/Beraa/.rbenv/versions/2.4.0/lib/ruby/gems/2.4.0/gems/web-console-3.1.1/lib/web_console/templates/console.js.erb within layouts/javascript (55.7ms)
  Rendering /Users/Beraa/.rbenv/versions/2.4.0/lib/ruby/gems/2.4.0/gems/web-console-3.1.1/lib/web_console/templates/main.js.erb within layouts/javascript
  Rendered /Users/Beraa/.rbenv/versions/2.4.0/lib/ruby/gems/2.4.0/gems/web-console-3.1.1/lib/web_console/templates/main.js.erb within layouts/javascript (0.4ms)
  Rendered /Users/Beraa/.rbenv/versions/2.4.0/lib/ruby/gems/2.4.0/gems/web-console-3.1.1/lib/web_console/templates/index.html.erb (122.4ms)
Started GET "/" for ::1 at 2017-04-03 12:37:49 -0400
Processing by WelcomeController#index as HTML
  Rendering welcome/index.html.erb within layouts/application
  [1m[36mMarket Load (0.1ms)[0m  [1m[34mSELECT  "markets".* FROM "markets" ORDER BY "markets"."id" ASC LIMIT ?[0m  [["LIMIT", 1]]
  Rendered layouts/_market_cards.html.erb (1.1ms)
  Rendered welcome/index.html.erb within layouts/application (3.1ms)
  Rendered layouts/_shim.html.erb (0.8ms)
  [1m[36mUser Load (0.2ms)[0m  [1m[34mSELECT  "users".* FROM "users" WHERE "users"."id" IS NULL LIMIT ?[0m  [["LIMIT", 1]]
  Rendered layouts/_header.html.erb (3.7ms)
Completed 200 OK in 3083ms (Views: 3080.6ms | ActiveRecord: 0.4ms)


Started GET "/" for ::1 at 2017-04-03 12:38:02 -0400
Processing by WelcomeController#index as HTML
  Rendering welcome/index.html.erb within layouts/application
  [1m[36mMarket Load (0.2ms)[0m  [1m[34mSELECT  "markets".* FROM "markets" ORDER BY "markets"."id" ASC LIMIT ?[0m  [["LIMIT", 1]]
  Rendered layouts/_market_cards.html.erb (1.3ms)
  Rendered welcome/index.html.erb within layouts/application (3.6ms)
  Rendered layouts/_shim.html.erb (0.4ms)
  [1m[36mUser Load (0.2ms)[0m  [1m[34mSELECT  "users".* FROM "users" WHERE "users"."id" IS NULL LIMIT ?[0m  [["LIMIT", 1]]
  Rendered layouts/_header.html.erb (2.7ms)
Completed 200 OK in 141ms (Views: 138.8ms | ActiveRecord: 0.4ms)


Started GET "/stores" for ::1 at 2017-04-03 12:38:16 -0400
Processing by StoresController#index as HTML
  Rendering stores/index.html.erb within layouts/application
  [1m[36mStore Load (0.3ms)[0m  [1m[34mSELECT "stores".* FROM "stores"[0m
  Rendered stores/index.html.erb within layouts/application (23.8ms)
  Rendered layouts/_shim.html.erb (0.6ms)
  [1m[36mUser Load (0.2ms)[0m  [1m[34mSELECT  "users".* FROM "users" WHERE "users"."id" IS NULL LIMIT ?[0m  [["LIMIT", 1]]
  Rendered layouts/_header.html.erb (3.0ms)
Completed 200 OK in 149ms (Views: 128.4ms | ActiveRecord: 1.0ms)


Started GET "/" for ::1 at 2017-04-03 12:38:18 -0400
Processing by WelcomeController#index as HTML
  Rendering welcome/index.html.erb within layouts/application
  [1m[36mMarket Load (0.2ms)[0m  [1m[34mSELECT  "markets".* FROM "markets" ORDER BY "markets"."id" ASC LIMIT ?[0m  [["LIMIT", 1]]
  Rendered layouts/_market_cards.html.erb (2.1ms)
  Rendered welcome/index.html.erb within layouts/application (6.1ms)
  Rendered layouts/_shim.html.erb (0.5ms)
  [1m[36mUser Load (0.2ms)[0m  [1m[34mSELECT  "users".* FROM "users" WHERE "users"."id" IS NULL LIMIT ?[0m  [["LIMIT", 1]]
  Rendered layouts/_header.html.erb (2.5ms)
Completed 200 OK in 157ms (Views: 153.8ms | ActiveRecord: 0.4ms)


Started GET "/" for ::1 at 2017-04-03 12:39:11 -0400
Processing by WelcomeController#index as HTML
  Rendering welcome/index.html.erb within layouts/application
  [1m[36mMarket Load (0.2ms)[0m  [1m[34mSELECT  "markets".* FROM "markets" ORDER BY "markets"."id" ASC LIMIT ?[0m  [["LIMIT", 1]]
  Rendered layouts/_market_cards.html.erb (1.5ms)
  Rendered welcome/index.html.erb within layouts/application (3.6ms)
  Rendered layouts/_shim.html.erb (0.5ms)
  [1m[36mUser Load (1.9ms)[0m  [1m[34mSELECT  "users".* FROM "users" WHERE "users"."id" IS NULL LIMIT ?[0m  [["LIMIT", 1]]
  Rendered layouts/_header.html.erb (8.9ms)
Completed 200 OK in 154ms (Views: 148.8ms | ActiveRecord: 2.1ms)


Started GET "/" for ::1 at 2017-04-03 12:39:30 -0400
Processing by WelcomeController#index as HTML
  Rendering welcome/index.html.erb within layouts/application
  [1m[36mMarket Load (0.2ms)[0m  [1m[34mSELECT  "markets".* FROM "markets" ORDER BY "markets"."id" ASC LIMIT ?[0m  [["LIMIT", 1]]
  Rendered layouts/_market_cards.html.erb (1.8ms)
  Rendered welcome/index.html.erb within layouts/application (6.2ms)
  Rendered layouts/_shim.html.erb (1.1ms)
  [1m[36mUser Load (0.2ms)[0m  [1m[34mSELECT  "users".* FROM "users" WHERE "users"."id" IS NULL LIMIT ?[0m  [["LIMIT", 1]]
  Rendered layouts/_header.html.erb (3.2ms)
Completed 200 OK in 118ms (Views: 115.5ms | ActiveRecord: 0.5ms)


Started GET "/" for ::1 at 2017-04-03 12:39:41 -0400
Processing by WelcomeController#index as HTML
  Rendering welcome/index.html.erb within layouts/application
  [1m[36mMarket Load (0.2ms)[0m  [1m[34mSELECT  "markets".* FROM "markets" ORDER BY "markets"."id" ASC LIMIT ?[0m  [["LIMIT", 1]]
  Rendered layouts/_market_cards.html.erb (1.2ms)
  Rendered welcome/index.html.erb within layouts/application (4.6ms)
  Rendered layouts/_shim.html.erb (0.5ms)
  [1m[36mUser Load (0.2ms)[0m  [1m[34mSELECT  "users".* FROM "users" WHERE "users"."id" IS NULL LIMIT ?[0m  [["LIMIT", 1]]
  Rendered layouts/_header.html.erb (2.5ms)
Completed 200 OK in 84ms (Views: 82.0ms | ActiveRecord: 0.4ms)


Started GET "/" for ::1 at 2017-04-03 12:41:12 -0400
Processing by WelcomeController#index as HTML
  Rendering welcome/index.html.erb within layouts/application
  [1m[36mMarket Load (0.2ms)[0m  [1m[34mSELECT  "markets".* FROM "markets" ORDER BY "markets"."id" ASC LIMIT ?[0m  [["LIMIT", 1]]
  Rendered layouts/_market_cards.html.erb (1.1ms)
  Rendered welcome/index.html.erb within layouts/application (3.1ms)
  Rendered layouts/_shim.html.erb (0.5ms)
  [1m[36mUser Load (0.2ms)[0m  [1m[34mSELECT  "users".* FROM "users" WHERE "users"."id" IS NULL LIMIT ?[0m  [["LIMIT", 1]]
  Rendered layouts/_header.html.erb (2.5ms)
Completed 200 OK in 70ms (Views: 66.8ms | ActiveRecord: 0.4ms)


Started GET "/stores" for ::1 at 2017-04-03 12:41:14 -0400
Processing by StoresController#index as HTML
  Rendering stores/index.html.erb within layouts/application
  [1m[36mStore Load (0.3ms)[0m  [1m[34mSELECT "stores".* FROM "stores"[0m
  Rendered stores/index.html.erb within layouts/application (3.6ms)
  Rendered layouts/_shim.html.erb (0.4ms)
  [1m[36mUser Load (0.2ms)[0m  [1m[34mSELECT  "users".* FROM "users" WHERE "users"."id" IS NULL LIMIT ?[0m  [["LIMIT", 1]]
  Rendered layouts/_header.html.erb (12.5ms)
Completed 200 OK in 111ms (Views: 107.4ms | ActiveRecord: 0.5ms)


Started GET "/" for ::1 at 2017-04-03 12:41:15 -0400
Processing by WelcomeController#index as HTML
  Rendering welcome/index.html.erb within layouts/application
  [1m[36mMarket Load (1.0ms)[0m  [1m[34mSELECT  "markets".* FROM "markets" ORDER BY "markets"."id" ASC LIMIT ?[0m  [["LIMIT", 1]]
  Rendered layouts/_market_cards.html.erb (6.1ms)
  Rendered welcome/index.html.erb within layouts/application (10.6ms)
  Rendered layouts/_shim.html.erb (0.5ms)
  [1m[36mUser Load (0.9ms)[0m  [1m[34mSELECT  "users".* FROM "users" WHERE "users"."id" IS NULL LIMIT ?[0m  [["LIMIT", 1]]
  Rendered layouts/_header.html.erb (7.2ms)
Completed 200 OK in 123ms (Views: 117.0ms | ActiveRecord: 1.8ms)


Started GET "/" for ::1 at 2017-04-03 12:41:34 -0400
Processing by WelcomeController#index as HTML
  Rendering welcome/index.html.erb within layouts/application
  [1m[36mMarket Load (0.1ms)[0m  [1m[34mSELECT  "markets".* FROM "markets" ORDER BY "markets"."id" ASC LIMIT ?[0m  [["LIMIT", 1]]
  Rendered layouts/_market_cards.html.erb (1.0ms)
  Rendered welcome/index.html.erb within layouts/application (2.9ms)
  Rendered layouts/_shim.html.erb (0.6ms)
  [1m[36mUser Load (0.2ms)[0m  [1m[34mSELECT  "users".* FROM "users" WHERE "users"."id" IS NULL LIMIT ?[0m  [["LIMIT", 1]]
  Rendered layouts/_header.html.erb (2.6ms)
Completed 200 OK in 2552ms (Views: 2550.4ms | ActiveRecord: 0.3ms)


Started GET "/" for ::1 at 2017-04-03 12:41:44 -0400
Processing by WelcomeController#index as HTML
  Rendering welcome/index.html.erb within layouts/application
  [1m[36mMarket Load (0.3ms)[0m  [1m[34mSELECT  "markets".* FROM "markets" ORDER BY "markets"."id" ASC LIMIT ?[0m  [["LIMIT", 1]]
  Rendered layouts/_market_cards.html.erb (1.1ms)
  Rendered welcome/index.html.erb within layouts/application (3.1ms)
  Rendered layouts/_shim.html.erb (0.7ms)
  [1m[36mUser Load (0.2ms)[0m  [1m[34mSELECT  "users".* FROM "users" WHERE "users"."id" IS NULL LIMIT ?[0m  [["LIMIT", 1]]
  Rendered layouts/_header.html.erb (2.7ms)
Completed 200 OK in 2990ms (Views: 2987.6ms | ActiveRecord: 0.5ms)


Started GET "/stores" for ::1 at 2017-04-03 12:41:57 -0400
Processing by StoresController#index as HTML
  Rendering stores/index.html.erb within layouts/application
  [1m[36mStore Load (0.4ms)[0m  [1m[34mSELECT "stores".* FROM "stores"[0m
  Rendered stores/index.html.erb within layouts/application (5.6ms)
  Rendered layouts/_shim.html.erb (0.4ms)
  [1m[36mUser Load (0.2ms)[0m  [1m[34mSELECT  "users".* FROM "users" WHERE "users"."id" IS NULL LIMIT ?[0m  [["LIMIT", 1]]
  Rendered layouts/_header.html.erb (2.2ms)
Completed 200 OK in 95ms (Views: 92.2ms | ActiveRecord: 0.5ms)


Started GET "/" for ::1 at 2017-04-03 12:41:58 -0400
Processing by WelcomeController#index as HTML
  Rendering welcome/index.html.erb within layouts/application
  [1m[36mMarket Load (0.2ms)[0m  [1m[34mSELECT  "markets".* FROM "markets" ORDER BY "markets"."id" ASC LIMIT ?[0m  [["LIMIT", 1]]
  Rendered layouts/_market_cards.html.erb (1.7ms)
  Rendered welcome/index.html.erb within layouts/application (6.3ms)
  Rendered layouts/_shim.html.erb (1.1ms)
  [1m[36mUser Load (0.4ms)[0m  [1m[34mSELECT  "users".* FROM "users" WHERE "users"."id" IS NULL LIMIT ?[0m  [["LIMIT", 1]]
  Rendered layouts/_header.html.erb (3.9ms)
Completed 200 OK in 97ms (Views: 92.8ms | ActiveRecord: 0.6ms)


Started GET "/stores" for ::1 at 2017-04-03 12:42:00 -0400
Processing by StoresController#index as HTML
  Rendering stores/index.html.erb within layouts/application
  [1m[36mStore Load (0.3ms)[0m  [1m[34mSELECT "stores".* FROM "stores"[0m
  Rendered stores/index.html.erb within layouts/application (5.0ms)
  Rendered layouts/_shim.html.erb (0.5ms)
  [1m[36mUser Load (0.2ms)[0m  [1m[34mSELECT  "users".* FROM "users" WHERE "users"."id" IS NULL LIMIT ?[0m  [["LIMIT", 1]]
  Rendered layouts/_header.html.erb (2.4ms)
Completed 200 OK in 118ms (Views: 114.6ms | ActiveRecord: 0.6ms)


Started GET "/" for ::1 at 2017-04-03 12:42:01 -0400
Processing by WelcomeController#index as HTML
  Rendering welcome/index.html.erb within layouts/application
  [1m[36mMarket Load (0.2ms)[0m  [1m[34mSELECT  "markets".* FROM "markets" ORDER BY "markets"."id" ASC LIMIT ?[0m  [["LIMIT", 1]]
  Rendered layouts/_market_cards.html.erb (1.8ms)
  Rendered welcome/index.html.erb within layouts/application (5.1ms)
  Rendered layouts/_shim.html.erb (0.3ms)
  [1m[36mUser Load (0.1ms)[0m  [1m[34mSELECT  "users".* FROM "users" WHERE "users"."id" IS NULL LIMIT ?[0m  [["LIMIT", 1]]
  Rendered layouts/_header.html.erb (1.7ms)
Completed 200 OK in 132ms (Views: 128.5ms | ActiveRecord: 0.4ms)


Started GET "/login" for ::1 at 2017-04-03 12:42:04 -0400
Processing by SessionsController#new as HTML
  Rendering sessions/new.html.erb within layouts/application
  Rendered sessions/new.html.erb within layouts/application (14.7ms)
  Rendered layouts/_shim.html.erb (0.4ms)
  [1m[36mUser Load (0.3ms)[0m  [1m[34mSELECT  "users".* FROM "users" WHERE "users"."id" IS NULL LIMIT ?[0m  [["LIMIT", 1]]
  Rendered layouts/_header.html.erb (2.3ms)
Completed 200 OK in 90ms (Views: 87.4ms | ActiveRecord: 0.3ms)


Started GET "/user/signup" for ::1 at 2017-04-03 12:42:07 -0400
Processing by UsersController#new as HTML
  Rendering users/new.html.erb within layouts/application
  Rendered shared/_error_messages.html.erb (0.4ms)
  Rendered users/_form.html.erb (5.1ms)
  Rendered users/new.html.erb within layouts/application (7.3ms)
  Rendered layouts/_shim.html.erb (0.5ms)
  [1m[36mUser Load (0.2ms)[0m  [1m[34mSELECT  "users".* FROM "users" WHERE "users"."id" IS NULL LIMIT ?[0m  [["LIMIT", 1]]
  Rendered layouts/_header.html.erb (2.5ms)
Completed 200 OK in 86ms (Views: 76.6ms | ActiveRecord: 0.6ms)


Started GET "/login" for ::1 at 2017-04-03 12:42:08 -0400
Processing by SessionsController#new as HTML
  Rendering sessions/new.html.erb within layouts/application
  Rendered sessions/new.html.erb within layouts/application (5.2ms)
  Rendered layouts/_shim.html.erb (0.5ms)
  [1m[36mUser Load (0.5ms)[0m  [1m[34mSELECT  "users".* FROM "users" WHERE "users"."id" IS NULL LIMIT ?[0m  [["LIMIT", 1]]
  Rendered layouts/_header.html.erb (2.6ms)
Completed 200 OK in 113ms (Views: 109.4ms | ActiveRecord: 0.5ms)


Started GET "/stores" for ::1 at 2017-04-03 12:42:10 -0400
Processing by StoresController#index as HTML
  Rendering stores/index.html.erb within layouts/application
  [1m[36mStore Load (0.3ms)[0m  [1m[34mSELECT "stores".* FROM "stores"[0m
  Rendered stores/index.html.erb within layouts/application (5.5ms)
  Rendered layouts/_shim.html.erb (0.5ms)
  [1m[36mUser Load (0.2ms)[0m  [1m[34mSELECT  "users".* FROM "users" WHERE "users"."id" IS NULL LIMIT ?[0m  [["LIMIT", 1]]
  Rendered layouts/_header.html.erb (2.6ms)
Completed 200 OK in 128ms (Views: 123.7ms | ActiveRecord: 0.5ms)


Started GET "/" for ::1 at 2017-04-03 12:42:10 -0400
Processing by WelcomeController#index as HTML
  Rendering welcome/index.html.erb within layouts/application
  [1m[36mMarket Load (4.4ms)[0m  [1m[34mSELECT  "markets".* FROM "markets" ORDER BY "markets"."id" ASC LIMIT ?[0m  [["LIMIT", 1]]
  Rendered layouts/_market_cards.html.erb (7.8ms)
  Rendered welcome/index.html.erb within layouts/application (16.6ms)
  Rendered layouts/_shim.html.erb (0.8ms)
  [1m[36mUser Load (0.2ms)[0m  [1m[34mSELECT  "users".* FROM "users" WHERE "users"."id" IS NULL LIMIT ?[0m  [["LIMIT", 1]]
  Rendered layouts/_header.html.erb (2.3ms)
Completed 200 OK in 119ms (Views: 111.6ms | ActiveRecord: 4.6ms)


Started GET "/" for ::1 at 2017-04-03 13:22:42 -0400
Processing by WelcomeController#index as HTML
  Rendering welcome/index.html.erb within layouts/application
  [1m[36mMarket Load (0.7ms)[0m  [1m[34mSELECT  "markets".* FROM "markets" ORDER BY "markets"."id" ASC LIMIT ?[0m  [["LIMIT", 1]]
  Rendered layouts/_market_cards.html.erb (5.5ms)
  Rendered welcome/index.html.erb within layouts/application (10.5ms)
  Rendered layouts/_shim.html.erb (0.7ms)
  [1m[36mUser Load (0.2ms)[0m  [1m[34mSELECT  "users".* FROM "users" WHERE "users"."id" IS NULL LIMIT ?[0m  [["LIMIT", 1]]
  Rendered layouts/_header.html.erb (2.7ms)
Completed 200 OK in 3049ms (Views: 3045.9ms | ActiveRecord: 1.0ms)


Started GET "/" for ::1 at 2017-04-03 13:23:08 -0400
Processing by WelcomeController#index as HTML
  Rendering welcome/index.html.erb within layouts/application
  [1m[36mMarket Load (0.1ms)[0m  [1m[34mSELECT  "markets".* FROM "markets" ORDER BY "markets"."id" ASC LIMIT ?[0m  [["LIMIT", 1]]
  Rendered layouts/_market_cards.html.erb (1.1ms)
  Rendered welcome/index.html.erb within layouts/application (3.4ms)
  Rendered layouts/_shim.html.erb (0.7ms)
  [1m[36mUser Load (0.4ms)[0m  [1m[34mSELECT  "users".* FROM "users" WHERE "users"."id" IS NULL LIMIT ?[0m  [["LIMIT", 1]]
  Rendered layouts/_header.html.erb (4.7ms)
Completed 200 OK in 3042ms (Views: 3038.7ms | ActiveRecord: 0.5ms)


Started GET "/" for ::1 at 2017-04-03 13:24:11 -0400
Processing by WelcomeController#index as HTML
  Rendering welcome/index.html.erb within layouts/application
  [1m[36mMarket Load (0.2ms)[0m  [1m[34mSELECT  "markets".* FROM "markets" ORDER BY "markets"."id" ASC LIMIT ?[0m  [["LIMIT", 1]]
  Rendered layouts/_market_cards.html.erb (2.6ms)
  Rendered welcome/index.html.erb within layouts/application (5.6ms)
  Rendered layouts/_shim.html.erb (0.7ms)
  [1m[36mUser Load (0.3ms)[0m  [1m[34mSELECT  "users".* FROM "users" WHERE "users"."id" IS NULL LIMIT ?[0m  [["LIMIT", 1]]
  Rendered layouts/_header.html.erb (2.8ms)
Completed 200 OK in 2849ms (Views: 2844.9ms | ActiveRecord: 0.4ms)


Started GET "/" for ::1 at 2017-04-03 13:24:46 -0400
Processing by WelcomeController#index as HTML
  Rendering welcome/index.html.erb within layouts/application
  [1m[36mMarket Load (0.1ms)[0m  [1m[34mSELECT  "markets".* FROM "markets" ORDER BY "markets"."id" ASC LIMIT ?[0m  [["LIMIT", 1]]
  Rendered layouts/_market_cards.html.erb (1.0ms)
  Rendered welcome/index.html.erb within layouts/application (2.9ms)
  Rendered layouts/_shim.html.erb (0.6ms)
  [1m[36mUser Load (0.3ms)[0m  [1m[34mSELECT  "users".* FROM "users" WHERE "users"."id" IS NULL LIMIT ?[0m  [["LIMIT", 1]]
  Rendered layouts/_header.html.erb (2.9ms)
Completed 200 OK in 3239ms (Views: 3236.4ms | ActiveRecord: 0.5ms)


Started GET "/" for ::1 at 2017-04-03 13:26:21 -0400
Processing by WelcomeController#index as HTML
  Rendering welcome/index.html.erb within layouts/application
  [1m[36mMarket Load (0.1ms)[0m  [1m[34mSELECT  "markets".* FROM "markets" ORDER BY "markets"."id" ASC LIMIT ?[0m  [["LIMIT", 1]]
  Rendered layouts/_market_cards.html.erb (1.1ms)
  Rendered welcome/index.html.erb within layouts/application (3.5ms)
Completed 500 Internal Server Error in 323ms (ActiveRecord: 0.1ms)


  
ActionView::Template::Error (Invalid CSS after "    $": expected identifier, was ":hover {color:r..."):
    3: <head>
    4:   <title>Harvest</title>
    5:   <%= csrf_meta_tags %>
    6:   <%= stylesheet_link_tag    'application', media: 'all','data-turbolinks-track': 'reload' %>
    7:   <%= javascript_include_tag 'application', 'data-turbolinks-track': 'reload' %>
    8:   <%= render 'layouts/shim' %>
    9: </head>
  
app/assets/stylesheets/custom.scss:12
app/views/layouts/application.html.erb:6:in `_app_views_layouts_application_html_erb__2030828600706382541_70113839472140'
  Rendering /Users/Beraa/.rbenv/versions/2.4.0/lib/ruby/gems/2.4.0/gems/actionpack-5.0.1/lib/action_dispatch/middleware/templates/rescues/template_error.html.erb within rescues/layout
  Rendering /Users/Beraa/.rbenv/versions/2.4.0/lib/ruby/gems/2.4.0/gems/actionpack-5.0.1/lib/action_dispatch/middleware/templates/rescues/_source.html.erb
  Rendered /Users/Beraa/.rbenv/versions/2.4.0/lib/ruby/gems/2.4.0/gems/actionpack-5.0.1/lib/action_dispatch/middleware/templates/rescues/_source.html.erb (13.4ms)
  Rendering /Users/Beraa/.rbenv/versions/2.4.0/lib/ruby/gems/2.4.0/gems/actionpack-5.0.1/lib/action_dispatch/middleware/templates/rescues/_trace.html.erb
  Rendered /Users/Beraa/.rbenv/versions/2.4.0/lib/ruby/gems/2.4.0/gems/actionpack-5.0.1/lib/action_dispatch/middleware/templates/rescues/_trace.html.erb (2.6ms)
  Rendering /Users/Beraa/.rbenv/versions/2.4.0/lib/ruby/gems/2.4.0/gems/actionpack-5.0.1/lib/action_dispatch/middleware/templates/rescues/_request_and_response.html.erb
  Rendered /Users/Beraa/.rbenv/versions/2.4.0/lib/ruby/gems/2.4.0/gems/actionpack-5.0.1/lib/action_dispatch/middleware/templates/rescues/_request_and_response.html.erb (0.8ms)
  Rendered /Users/Beraa/.rbenv/versions/2.4.0/lib/ruby/gems/2.4.0/gems/actionpack-5.0.1/lib/action_dispatch/middleware/templates/rescues/template_error.html.erb within rescues/layout (85.5ms)
  Rendering /Users/Beraa/.rbenv/versions/2.4.0/lib/ruby/gems/2.4.0/gems/web-console-3.1.1/lib/web_console/templates/index.html.erb
  Rendered /Users/Beraa/.rbenv/versions/2.4.0/lib/ruby/gems/2.4.0/gems/web-console-3.1.1/lib/web_console/templates/_markup.html.erb (0.5ms)
  Rendering /Users/Beraa/.rbenv/versions/2.4.0/lib/ruby/gems/2.4.0/gems/web-console-3.1.1/lib/web_console/templates/console.js.erb within layouts/javascript
  Rendering /Users/Beraa/.rbenv/versions/2.4.0/lib/ruby/gems/2.4.0/gems/web-console-3.1.1/lib/web_console/templates/_inner_console_markup.html.erb within layouts/inlined_string
  Rendered /Users/Beraa/.rbenv/versions/2.4.0/lib/ruby/gems/2.4.0/gems/web-console-3.1.1/lib/web_console/templates/_inner_console_markup.html.erb within layouts/inlined_string (0.4ms)
  Rendering /Users/Beraa/.rbenv/versions/2.4.0/lib/ruby/gems/2.4.0/gems/web-console-3.1.1/lib/web_console/templates/_prompt_box_markup.html.erb within layouts/inlined_string
  Rendered /Users/Beraa/.rbenv/versions/2.4.0/lib/ruby/gems/2.4.0/gems/web-console-3.1.1/lib/web_console/templates/_prompt_box_markup.html.erb within layouts/inlined_string (0.3ms)
  Rendering /Users/Beraa/.rbenv/versions/2.4.0/lib/ruby/gems/2.4.0/gems/web-console-3.1.1/lib/web_console/templates/style.css.erb within layouts/inlined_string
  Rendered /Users/Beraa/.rbenv/versions/2.4.0/lib/ruby/gems/2.4.0/gems/web-console-3.1.1/lib/web_console/templates/style.css.erb within layouts/inlined_string (0.3ms)
  Rendered /Users/Beraa/.rbenv/versions/2.4.0/lib/ruby/gems/2.4.0/gems/web-console-3.1.1/lib/web_console/templates/console.js.erb within layouts/javascript (58.5ms)
  Rendering /Users/Beraa/.rbenv/versions/2.4.0/lib/ruby/gems/2.4.0/gems/web-console-3.1.1/lib/web_console/templates/main.js.erb within layouts/javascript
  Rendered /Users/Beraa/.rbenv/versions/2.4.0/lib/ruby/gems/2.4.0/gems/web-console-3.1.1/lib/web_console/templates/main.js.erb within layouts/javascript (0.3ms)
  Rendered /Users/Beraa/.rbenv/versions/2.4.0/lib/ruby/gems/2.4.0/gems/web-console-3.1.1/lib/web_console/templates/index.html.erb (110.5ms)
Started GET "/" for ::1 at 2017-04-03 13:26:35 -0400
Processing by WelcomeController#index as HTML
  Rendering welcome/index.html.erb within layouts/application
  [1m[36mMarket Load (0.8ms)[0m  [1m[34mSELECT  "markets".* FROM "markets" ORDER BY "markets"."id" ASC LIMIT ?[0m  [["LIMIT", 1]]
  Rendered layouts/_market_cards.html.erb (4.5ms)
  Rendered welcome/index.html.erb within layouts/application (7.4ms)
  Rendered layouts/_shim.html.erb (0.6ms)
  [1m[36mUser Load (0.2ms)[0m  [1m[34mSELECT  "users".* FROM "users" WHERE "users"."id" IS NULL LIMIT ?[0m  [["LIMIT", 1]]
  Rendered layouts/_header.html.erb (2.6ms)
Completed 200 OK in 2734ms (Views: 2730.3ms | ActiveRecord: 1.0ms)


Started GET "/" for ::1 at 2017-04-03 13:26:52 -0400
Processing by WelcomeController#index as HTML
  Rendering welcome/index.html.erb within layouts/application
  [1m[36mMarket Load (0.4ms)[0m  [1m[34mSELECT  "markets".* FROM "markets" ORDER BY "markets"."id" ASC LIMIT ?[0m  [["LIMIT", 1]]
  Rendered layouts/_market_cards.html.erb (4.0ms)
  Rendered welcome/index.html.erb within layouts/application (8.6ms)
  Rendered layouts/_shim.html.erb (0.7ms)
  [1m[36mUser Load (0.2ms)[0m  [1m[34mSELECT  "users".* FROM "users" WHERE "users"."id" IS NULL LIMIT ?[0m  [["LIMIT", 1]]
  Rendered layouts/_header.html.erb (2.9ms)
Completed 200 OK in 2713ms (Views: 2711.0ms | ActiveRecord: 0.6ms)


Started GET "/" for ::1 at 2017-04-03 13:31:28 -0400
Processing by WelcomeController#index as HTML
  Rendering welcome/index.html.erb within layouts/application
  [1m[36mMarket Load (1.3ms)[0m  [1m[34mSELECT  "markets".* FROM "markets" ORDER BY "markets"."id" ASC LIMIT ?[0m  [["LIMIT", 1]]
  Rendered layouts/_market_cards.html.erb (2.7ms)
  Rendered welcome/index.html.erb within layouts/application (9.6ms)
  Rendered layouts/_shim.html.erb (0.6ms)
  [1m[36mUser Load (0.2ms)[0m  [1m[34mSELECT  "users".* FROM "users" WHERE "users"."id" IS NULL LIMIT ?[0m  [["LIMIT", 1]]
  Rendered layouts/_header.html.erb (2.7ms)
Completed 200 OK in 2526ms (Views: 2521.9ms | ActiveRecord: 1.5ms)


Started GET "/" for ::1 at 2017-04-03 13:31:35 -0400
Processing by WelcomeController#index as HTML
  Rendering welcome/index.html.erb within layouts/application
  [1m[36mMarket Load (0.2ms)[0m  [1m[34mSELECT  "markets".* FROM "markets" ORDER BY "markets"."id" ASC LIMIT ?[0m  [["LIMIT", 1]]
  Rendered layouts/_market_cards.html.erb (1.4ms)
  Rendered welcome/index.html.erb within layouts/application (3.6ms)
  Rendered layouts/_shim.html.erb (0.7ms)
  [1m[36mUser Load (0.2ms)[0m  [1m[34mSELECT  "users".* FROM "users" WHERE "users"."id" IS NULL LIMIT ?[0m  [["LIMIT", 1]]
  Rendered layouts/_header.html.erb (2.6ms)
Completed 200 OK in 2649ms (Views: 2646.6ms | ActiveRecord: 0.4ms)


Started GET "/" for ::1 at 2017-04-03 13:31:46 -0400
Processing by WelcomeController#index as HTML
  Rendering welcome/index.html.erb within layouts/application
  [1m[36mMarket Load (0.2ms)[0m  [1m[34mSELECT  "markets".* FROM "markets" ORDER BY "markets"."id" ASC LIMIT ?[0m  [["LIMIT", 1]]
  Rendered layouts/_market_cards.html.erb (1.7ms)
  Rendered welcome/index.html.erb within layouts/application (4.4ms)
  Rendered layouts/_shim.html.erb (1.9ms)
  [1m[36mUser Load (0.2ms)[0m  [1m[34mSELECT  "users".* FROM "users" WHERE "users"."id" IS NULL LIMIT ?[0m  [["LIMIT", 1]]
  Rendered layouts/_header.html.erb (6.5ms)
Completed 200 OK in 2700ms (Views: 2697.9ms | ActiveRecord: 0.4ms)


